# JRE version: Java(TM) SE Runtime Environment (16.0.1+9) (build 16.0.1+9-24)
# Java VM: Java HotSpot(TM) 64-Bit Server VM (16.0.1+9-24, mixed mode, sharing, tiered, compressed oops, compressed class ptrs, g1 gc, windows-amd64)
GC Precious Log:
 CPUs: 8 total, 8 available
 Memory: 3519M
 Large Page Support: Disabled
 NUMA Support: Disabled
 Compressed Oops: Enabled (32-bit)
 Heap Region Size: 1M
 Heap Min Capacity: 8M
 Heap Initial Capacity: 56M
 Heap Max Capacity: 880M
 Pre-touch: Disabled
 Parallel Workers: 8
 Concurrent Workers: 2
 Concurrent Refinement Workers: 8
 Periodic GC: Disabled
Heap:
 garbage-first heap   total 71680K, used 34040K [0x00000000c9000000, 0x0000000100000000)
  region size 1024K, 6 young (6144K), 4 survivors (4096K)
 Metaspace       used 61917K, committed 62464K, reserved 1105920K
  class space    used 8164K, committed 8448K, reserved 1048576K
GC Heap History (20 events):
Event: 6.774 GC heap before
{Heap before GC invocations=14 (full 0):
 garbage-first heap   total 51200K, used 39812K [0x00000000c9000000, 0x0000000100000000)
  region size 1024K, 23 young (23552K), 1 survivors (1024K)
 Metaspace       used 29950K, committed 30272K, reserved 1081344K
  class space    used 3803K, committed 3968K, reserved 1048576K
}
Event: 6.776 GC heap after
{Heap after GC invocations=15 (full 0):
 garbage-first heap   total 51200K, used 18235K [0x00000000c9000000, 0x0000000100000000)
  region size 1024K, 1 young (1024K), 1 survivors (1024K)
 Metaspace       used 29950K, committed 30272K, reserved 1081344K
  class space    used 3803K, committed 3968K, reserved 1048576K
}
Event: 7.555 GC heap before
{Heap before GC invocations=15 (full 0):
 garbage-first heap   total 51200K, used 39739K [0x00000000c9000000, 0x0000000100000000)
  region size 1024K, 23 young (23552K), 1 survivors (1024K)
 Metaspace       used 33985K, committed 34368K, reserved 1081344K
  class space    used 4407K, committed 4608K, reserved 1048576K
}
Event: 7.561 GC heap after
{Heap after GC invocations=16 (full 0):
 garbage-first heap   total 108544K, used 19373K [0x00000000c9000000, 0x0000000100000000)
  region size 1024K, 2 young (2048K), 2 survivors (2048K)
 Metaspace       used 33985K, committed 34368K, reserved 1081344K
  class space    used 4407K, committed 4608K, reserved 1048576K
}
Event: 8.086 GC heap before
{Heap before GC invocations=16 (full 0):
 garbage-first heap   total 108544K, used 23469K [0x00000000c9000000, 0x0000000100000000)
  region size 1024K, 7 young (7168K), 2 survivors (2048K)
 Metaspace       used 35356K, committed 35648K, reserved 1081344K
  class space    used 4694K, committed 4864K, reserved 1048576K
}
Event: 8.088 GC heap after
{Heap after GC invocations=17 (full 0):
 garbage-first heap   total 108544K, used 19657K [0x00000000c9000000, 0x0000000100000000)
  region size 1024K, 2 young (2048K), 2 survivors (2048K)
 Metaspace       used 35356K, committed 35648K, reserved 1081344K
  class space    used 4694K, committed 4864K, reserved 1048576K
}
Event: 11.602 GC heap before
{Heap before GC invocations=18 (full 0):
 garbage-first heap   total 71680K, used 60617K [0x00000000c9000000, 0x0000000100000000)
  region size 1024K, 42 young (43008K), 2 survivors (2048K)
 Metaspace       used 45606K, committed 46016K, reserved 1089536K
  class space    used 6080K, committed 6272K, reserved 1048576K
}
Event: 11.611 GC heap after
{Heap after GC invocations=19 (full 0):
 garbage-first heap   total 71680K, used 22900K [0x00000000c9000000, 0x0000000100000000)
  region size 1024K, 6 young (6144K), 6 survivors (6144K)
 Metaspace       used 45606K, committed 46016K, reserved 1089536K
  class space    used 6080K, committed 6272K, reserved 1048576K
}
Event: 13.933 GC heap before
{Heap before GC invocations=19 (full 0):
 garbage-first heap   total 71680K, used 55668K [0x00000000c9000000, 0x0000000100000000)
  region size 1024K, 38 young (38912K), 6 survivors (6144K)
 Metaspace       used 50419K, committed 50816K, reserved 1097728K
  class space    used 6724K, committed 6912K, reserved 1048576K
}
Event: 13.942 GC heap after
{Heap after GC invocations=20 (full 0):
 garbage-first heap   total 71680K, used 24695K [0x00000000c9000000, 0x0000000100000000)
  region size 1024K, 3 young (3072K), 3 survivors (3072K)
 Metaspace       used 50419K, committed 50816K, reserved 1097728K
  class space    used 6724K, committed 6912K, reserved 1048576K
}
Event: 14.589 GC heap before
{Heap before GC invocations=20 (full 0):
 garbage-first heap   total 71680K, used 56439K [0x00000000c9000000, 0x0000000100000000)
  region size 1024K, 34 young (34816K), 3 survivors (3072K)
 Metaspace       used 51640K, committed 52032K, reserved 1097728K
  class space    used 6848K, committed 7040K, reserved 1048576K
}
Event: 14.593 GC heap after
{Heap after GC invocations=21 (full 0):
 garbage-first heap   total 71680K, used 25803K [0x00000000c9000000, 0x0000000100000000)
  region size 1024K, 4 young (4096K), 4 survivors (4096K)
 Metaspace       used 51640K, committed 52032K, reserved 1097728K
  class space    used 6848K, committed 7040K, reserved 1048576K
}
Event: 15.032 GC heap before
{Heap before GC invocations=21 (full 0):
 garbage-first heap   total 71680K, used 56523K [0x00000000c9000000, 0x0000000100000000)
  region size 1024K, 34 young (34816K), 4 survivors (4096K)
 Metaspace       used 52931K, committed 53376K, reserved 1097728K
  class space    used 7002K, committed 7232K, reserved 1048576K
}
Event: 15.037 GC heap after
{Heap after GC invocations=22 (full 0):
 garbage-first heap   total 71680K, used 26866K [0x00000000c9000000, 0x0000000100000000)
  region size 1024K, 3 young (3072K), 3 survivors (3072K)
 Metaspace       used 52931K, committed 53376K, reserved 1097728K
  class space    used 7002K, committed 7232K, reserved 1048576K
}
Event: 17.054 GC heap before
{Heap before GC invocations=22 (full 0):
 garbage-first heap   total 71680K, used 57586K [0x00000000c9000000, 0x0000000100000000)
  region size 1024K, 33 young (33792K), 3 survivors (3072K)
 Metaspace       used 56335K, committed 56768K, reserved 1097728K
  class space    used 7471K, committed 7680K, reserved 1048576K
}
Event: 17.064 GC heap after
{Heap after GC invocations=23 (full 0):
 garbage-first heap   total 71680K, used 30017K [0x00000000c9000000, 0x0000000100000000)
  region size 1024K, 5 young (5120K), 5 survivors (5120K)
 Metaspace       used 56335K, committed 56768K, reserved 1097728K
  class space    used 7471K, committed 7680K, reserved 1048576K
}
Event: 45.482 GC heap before
{Heap before GC invocations=23 (full 0):
 garbage-first heap   total 71680K, used 53569K [0x00000000c9000000, 0x0000000100000000)
  region size 1024K, 29 young (29696K), 5 survivors (5120K)
 Metaspace       used 59073K, committed 59520K, reserved 1105920K
  class space    used 7814K, committed 8064K, reserved 1048576K
}
Event: 45.575 GC heap after
{Heap after GC invocations=24 (full 0):
 garbage-first heap   total 71680K, used 31190K [0x00000000c9000000, 0x0000000100000000)
  region size 1024K, 2 young (2048K), 2 survivors (2048K)
 Metaspace       used 59073K, committed 59520K, reserved 1105920K
  class space    used 7814K, committed 8064K, reserved 1048576K
}
Event: 179.326 GC heap before
{Heap before GC invocations=25 (full 0):
 garbage-first heap   total 71680K, used 57814K [0x00000000c9000000, 0x0000000100000000)
  region size 1024K, 28 young (28672K), 2 survivors (2048K)
 Metaspace       used 61915K, committed 62464K, reserved 1105920K
  class space    used 8164K, committed 8448K, reserved 1048576K
}
Event: 179.410 GC heap after
{Heap after GC invocations=26 (full 0):
 garbage-first heap   total 71680K, used 33016K [0x00000000c9000000, 0x0000000100000000)
  region size 1024K, 4 young (4096K), 4 survivors (4096K)
 Metaspace       used 61915K, committed 62464K, reserved 1105920K
  class space    used 8164K, committed 8448K, reserved 1048576K
}

